# JRE version: OpenJDK Runtime Environment Temurin-17.0.2+8 (17.0.2+8) (build 17.0.2+8)
# Java VM: OpenJDK 64-Bit Server VM Temurin-17.0.2+8 (17.0.2+8, mixed mode, emulated-client, tiered, compressed oops, compressed class ptrs, g1 gc, windows-amd64)
GC Precious Log:
 CPUs: 4 total, 4 available
 Memory: 8150M
 Large Page Support: Disabled
 NUMA Support: Disabled
 Compressed Oops: Enabled (32-bit)
 Heap Region Size: 1M
 Heap Min Capacity: 8M
 Heap Initial Capacity: 128M
 Heap Max Capacity: 2038M
 Pre-touch: Disabled
 Parallel Workers: 4
 Concurrent Workers: 1
 Concurrent Refinement Workers: 4
 Periodic GC: Disabled
Heap:
 garbage-first heap   total 78848K, used 48576K [0x0000000080a00000, 0x0000000100000000)
  region size 1024K, 2 young (2048K), 2 survivors (2048K)
 Metaspace       used 65066K, committed 65600K, reserved 1105920K
  class space    used 8830K, committed 9088K, reserved 1048576K
GC Heap History (20 events):
Event: 5.701 GC heap after
{Heap after GC invocations=14 (full 0):
 garbage-first heap   total 58368K, used 21249K [0x0000000080a00000, 0x0000000100000000)
  region size 1024K, 4 young (4096K), 4 survivors (4096K)
 Metaspace       used 52247K, committed 52608K, reserved 1097728K
  class space    used 6940K, committed 7104K, reserved 1048576K
}
Event: 6.430 GC heap before
{Heap before GC invocations=14 (full 0):
 garbage-first heap   total 58368K, used 44801K [0x0000000080a00000, 0x0000000100000000)
  region size 1024K, 27 young (27648K), 4 survivors (4096K)
 Metaspace       used 57926K, committed 58304K, reserved 1105920K
  class space    used 7844K, committed 8000K, reserved 1048576K
}
Event: 6.435 GC heap after
{Heap after GC invocations=15 (full 0):
 garbage-first heap   total 58368K, used 22214K [0x0000000080a00000, 0x0000000100000000)
  region size 1024K, 3 young (3072K), 3 survivors (3072K)
 Metaspace       used 57926K, committed 58304K, reserved 1105920K
  class space    used 7844K, committed 8000K, reserved 1048576K
}
Event: 6.739 GC heap before
{Heap before GC invocations=15 (full 0):
 garbage-first heap   total 58368K, used 32454K [0x0000000080a00000, 0x0000000100000000)
  region size 1024K, 14 young (14336K), 3 survivors (3072K)
 Metaspace       used 60091K, committed 60416K, reserved 1105920K
  class space    used 8095K, committed 8256K, reserved 1048576K
}
Event: 6.743 GC heap after
{Heap after GC invocations=16 (full 0):
 garbage-first heap   total 58368K, used 23473K [0x0000000080a00000, 0x0000000100000000)
  region size 1024K, 3 young (3072K), 3 survivors (3072K)
 Metaspace       used 60091K, committed 60416K, reserved 1105920K
  class space    used 8095K, committed 8256K, reserved 1048576K
}
Event: 7.169 GC heap before
{Heap before GC invocations=17 (full 0):
 garbage-first heap   total 58368K, used 46001K [0x0000000080a00000, 0x0000000100000000)
  region size 1024K, 25 young (25600K), 3 survivors (3072K)
 Metaspace       used 61376K, committed 61888K, reserved 1105920K
  class space    used 8335K, committed 8576K, reserved 1048576K
}
Event: 7.175 GC heap after
{Heap after GC invocations=18 (full 0):
 garbage-first heap   total 58368K, used 24777K [0x0000000080a00000, 0x0000000100000000)
  region size 1024K, 4 young (4096K), 4 survivors (4096K)
 Metaspace       used 61376K, committed 61888K, reserved 1105920K
  class space    used 8335K, committed 8576K, reserved 1048576K
}
Event: 7.922 GC heap before
{Heap before GC invocations=18 (full 0):
 garbage-first heap   total 58368K, used 46281K [0x0000000080a00000, 0x0000000100000000)
  region size 1024K, 25 young (25600K), 4 survivors (4096K)
 Metaspace       used 64508K, committed 64960K, reserved 1105920K
  class space    used 8761K, committed 8960K, reserved 1048576K
}
Event: 7.929 GC heap after
{Heap after GC invocations=19 (full 0):
 garbage-first heap   total 70656K, used 26669K [0x0000000080a00000, 0x0000000100000000)
  region size 1024K, 4 young (4096K), 4 survivors (4096K)
 Metaspace       used 64508K, committed 64960K, reserved 1105920K
  class space    used 8761K, committed 8960K, reserved 1048576K
}
Event: 8.184 GC heap before
{Heap before GC invocations=19 (full 0):
 garbage-first heap   total 70656K, used 56365K [0x0000000080a00000, 0x0000000100000000)
  region size 1024K, 32 young (32768K), 4 survivors (4096K)
 Metaspace       used 64982K, committed 65472K, reserved 1105920K
  class space    used 8819K, committed 9024K, reserved 1048576K
}
Event: 8.194 GC heap after
{Heap after GC invocations=20 (full 0):
 garbage-first heap   total 70656K, used 32149K [0x0000000080a00000, 0x0000000100000000)
  region size 1024K, 4 young (4096K), 4 survivors (4096K)
 Metaspace       used 64982K, committed 65472K, reserved 1105920K
  class space    used 8819K, committed 9024K, reserved 1048576K
}
Event: 8.385 GC heap before
{Heap before GC invocations=20 (full 0):
 garbage-first heap   total 70656K, used 54677K [0x0000000080a00000, 0x0000000100000000)
  region size 1024K, 26 young (26624K), 4 survivors (4096K)
 Metaspace       used 65073K, committed 65600K, reserved 1105920K
  class space    used 8831K, committed 9088K, reserved 1048576K
}
Event: 8.398 GC heap after
{Heap after GC invocations=21 (full 0):
 garbage-first heap   total 70656K, used 39371K [0x0000000080a00000, 0x0000000100000000)
  region size 1024K, 4 young (4096K), 4 survivors (4096K)
 Metaspace       used 65073K, committed 65600K, reserved 1105920K
  class space    used 8831K, committed 9088K, reserved 1048576K
}
Event: 8.472 GC heap before
{Heap before GC invocations=21 (full 0):
 garbage-first heap   total 70656K, used 53707K [0x0000000080a00000, 0x0000000100000000)
  region size 1024K, 19 young (19456K), 4 survivors (4096K)
 Metaspace       used 65073K, committed 65600K, reserved 1105920K
  class space    used 8831K, committed 9088K, reserved 1048576K
}
Event: 8.480 GC heap after
{Heap after GC invocations=22 (full 0):
 garbage-first heap   total 70656K, used 44186K [0x0000000080a00000, 0x0000000100000000)
  region size 1024K, 3 young (3072K), 3 survivors (3072K)
 Metaspace       used 65073K, committed 65600K, reserved 1105920K
  class space    used 8831K, committed 9088K, reserved 1048576K
}
Event: 8.630 GC heap before
{Heap before GC invocations=23 (full 0):
 garbage-first heap   total 78848K, used 54426K [0x0000000080a00000, 0x0000000100000000)
  region size 1024K, 14 young (14336K), 3 survivors (3072K)
 Metaspace       used 65066K, committed 65600K, reserved 1105920K
  class space    used 8830K, committed 9088K, reserved 1048576K
}
Event: 8.636 GC heap after
{Heap after GC invocations=24 (full 0):
 garbage-first heap   total 78848K, used 46502K [0x0000000080a00000, 0x0000000100000000)
  region size 1024K, 2 young (2048K), 2 survivors (2048K)
 Metaspace       used 65066K, committed 65600K, reserved 1105920K
  class space    used 8830K, committed 9088K, reserved 1048576K
}
Event: 8.638 GC heap before
{Heap before GC invocations=24 (full 0):
 garbage-first heap   total 78848K, used 47526K [0x0000000080a00000, 0x0000000100000000)
  region size 1024K, 3 young (3072K), 2 survivors (2048K)
 Metaspace       used 65066K, committed 65600K, reserved 1105920K
  class space    used 8830K, committed 9088K, reserved 1048576K
}
Event: 8.642 GC heap after
{Heap after GC invocations=25 (full 0):
 garbage-first heap   total 78848K, used 45781K [0x0000000080a00000, 0x0000000100000000)
  region size 1024K, 1 young (1024K), 1 survivors (1024K)
 Metaspace       used 65066K, committed 65600K, reserved 1105920K
  class space    used 8830K, committed 9088K, reserved 1048576K
}
Event: 8.683 GC heap before
{Heap before GC invocations=25 (full 0):
 garbage-first heap   total 78848K, used 59093K [0x0000000080a00000, 0x0000000100000000)
  region size 1024K, 14 young (14336K), 1 survivors (1024K)
 Metaspace       used 65066K, committed 65600K, reserved 1105920K
  class space    used 8830K, committed 9088K, reserved 1048576K
}

